<?xml version="1.0" encoding="UTF-8" ?>
<testsuite failures="2" time="10.657" errors="0" skipped="0" tests="3" name="com.photon.phresco.testcases.AllTest">
  <properties>
[...]
</properties>
  <testcase time="0" classname="Given the user is on the widgets page   " name="Given the user is on the widgets page   "/>
  <testcase time="0" classname="Then the page title returned should be \&quot;Hello World\&quot;    " name="Then the page title returned should be \&quot;Hello World\&quot;    ">
    <failure type="junit.framework.AssertionFailedError">junit.framework.AssertionFailedError
	at junit.framework.Assert.fail(Assert.java:48)
	at junit.framework.Assert.assertTrue(Assert.java:20)
	at junit.framework.Assert.assertTrue(Assert.java:27)
	at com.photon.phresco.Screens.BaseScreen.isTextPresent(BaseScreen.java:207)
	at com.photon.phresco.testcases.HelloWorldTestCase.thePageTitleReturned(HelloWorldTestCase.java:61)
	at ✽.Then the page title returned should be &quot;Hello World&quot;(com\photon\phresco\testcases\helloworld.feature:8)
</failure>
    <system-out>&amp;#27;[1A    &amp;#27;[32mGiven &amp;#27;[0m&amp;#27;[32mthe user is on the widgets page&amp;#27;[0m                &amp;#27;[90m# HelloWorldTestCase.The_user_is_on_the_Widgets_page()&amp;#27;[0m
    &amp;#27;[90mThen &amp;#27;[0m&amp;#27;[90mthe page title returned should be &quot;&amp;#27;[0m&amp;#27;[90m&amp;#27;[1mHello World&amp;#27;[0m&amp;#27;[90m&quot;&amp;#27;[0m &amp;#27;[90m# HelloWorldTestCase.thePageTitleReturned(String)&amp;#27;[0m
**********************Hello World
</system-out>
  </testcase>
  <testcase time="0" classname="Scenario: Hello World should be displayed  " name="Scenario: Hello World should be displayed  ">
    <failure type="junit.framework.AssertionFailedError">junit.framework.AssertionFailedError
	at junit.framework.Assert.fail(Assert.java:48)
	at junit.framework.Assert.assertTrue(Assert.java:20)
	at junit.framework.Assert.assertTrue(Assert.java:27)
	at com.photon.phresco.Screens.BaseScreen.isTextPresent(BaseScreen.java:207)
	at com.photon.phresco.testcases.HelloWorldTestCase.thePageTitleReturned(HelloWorldTestCase.java:61)
	at ✽.Then the page title returned should be &quot;Hello World&quot;(com\photon\phresco\testcases\helloworld.feature:8)
</failure>
  </testcase>
</testsuite>